\BOOKMARK [1][-]{section.1}{INTRODUCTION}{}% 1
\BOOKMARK [1][-]{section.2}{Related Work}{}% 2
\BOOKMARK [2][-]{subsection.2.1}{Intention during human-robot interaction}{section.2}% 3
\BOOKMARK [1][-]{section.3}{MA VIEILLE PARTIE}{}% 4
\BOOKMARK [2][-]{subsection.3.1}{Movement primitives / Primitives de mouvement}{section.3}% 5
\BOOKMARK [2][-]{subsection.3.2}{Related open-source software}{section.3}% 6
\BOOKMARK [1][-]{section.4}{Theoretical framework}{}% 7
\BOOKMARK [2][-]{subsection.4.1}{Notation}{section.4}% 8
\BOOKMARK [2][-]{subsection.4.2}{Learning a Probabilistic Movement Primitive \(ProMP\) from demonstrations}{section.4}% 9
\BOOKMARK [2][-]{subsection.4.3}{Predicting the future movement from initial observations}{section.4}% 10
\BOOKMARK [2][-]{subsection.4.4}{Predicting the trajectory time modulation}{section.4}% 11
\BOOKMARK [2][-]{subsection.4.5}{Recognizing one among many movement primitives}{section.4}% 12
\BOOKMARK [1][-]{section.5}{Software overview}{}% 13
\BOOKMARK [1][-]{section.6}{Software example: learning a 1-DOF primitive}{}% 14
\BOOKMARK [1][-]{section.7}{Application on the simulated iCub: learning three primitives}{}% 15
\BOOKMARK [2][-]{subsection.7.1}{Predicting intended trajectories by using ProMPs}{section.7}% 16
\BOOKMARK [3][-]{subsubsection.7.1.1}{Learning motion primitives}{subsection.7.1}% 17
\BOOKMARK [3][-]{subsubsection.7.1.2}{Prediction of the trajectory evolution from initial observations}{subsection.7.1}% 18
\BOOKMARK [2][-]{subsection.7.2}{Setup for simulated iCub}{section.7}% 19
\BOOKMARK [2][-]{subsection.7.3}{Data acquisition}{section.7}% 20
\BOOKMARK [2][-]{subsection.7.4}{Learning the ProMPs}{section.7}% 21
\BOOKMARK [2][-]{subsection.7.5}{Predicting the desired movement}{section.7}% 22
\BOOKMARK [2][-]{subsection.7.6}{Predicting the time modulation}{section.7}% 23
\BOOKMARK [1][-]{section.8}{Application on the real iCub}{}% 24
\BOOKMARK [2][-]{subsection.8.1}{Three simple actions with wrench information}{section.8}% 25
\BOOKMARK [2][-]{subsection.8.2}{Collaborative object sorting}{section.8}% 26
\BOOKMARK [1][-]{section.9}{Videos}{}% 27
\BOOKMARK [1][-]{section.10}{DISCUSSION}{}% 28
\BOOKMARK [1][-]{section.11}{CONCLUSION}{}% 29
\BOOKMARK [1][-]{section*.21}{Appendices}{}% 30
\BOOKMARK [0][-]{section*.21}{APPENDICES}{}% 31
\BOOKMARK [1][-]{Annexe.1.A}{Detail of the inference formula}{section*.21}% 32
